<?xml version="1.0" encoding="UTF-8"?>
<testsuite xmlns:xsi="http://www.w3.org/2001/XMLSchema-instance" xsi:noNamespaceSchemaLocation="https://maven.apache.org/surefire/maven-surefire-plugin/xsd/surefire-test-report-3.0.xsd" version="3.0" name="com.periodictable.elements.ElementsApplicationTests" time="3.232" tests="1" errors="0" skipped="0" failures="0">
  <properties>
    <property name="java.specification.version" value="22"/>
    <property name="sun.jnu.encoding" value="UTF-8"/>
    <property name="java.class.path" value="/Users/jeremybrown/Documents/demos/periodic-table-api/target/test-classes:/Users/jeremybrown/Documents/demos/periodic-table-api/target/classes:/Users/jeremybrown/.m2/repository/org/springframework/boot/spring-boot-starter-web/3.3.2/spring-boot-starter-web-3.3.2.jar:/Users/jeremybrown/.m2/repository/org/springframework/boot/spring-boot-starter/3.3.2/spring-boot-starter-3.3.2.jar:/Users/jeremybrown/.m2/repository/org/springframework/boot/spring-boot/3.3.2/spring-boot-3.3.2.jar:/Users/jeremybrown/.m2/repository/org/springframework/boot/spring-boot-autoconfigure/3.3.2/spring-boot-autoconfigure-3.3.2.jar:/Users/jeremybrown/.m2/repository/org/springframework/boot/spring-boot-starter-logging/3.3.2/spring-boot-starter-logging-3.3.2.jar:/Users/jeremybrown/.m2/repository/ch/qos/logback/logback-classic/1.5.6/logback-classic-1.5.6.jar:/Users/jeremybrown/.m2/repository/ch/qos/logback/logback-core/1.5.6/logback-core-1.5.6.jar:/Users/jeremybrown/.m2/repository/org/apache/logging/log4j/log4j-to-slf4j/2.23.1/log4j-to-slf4j-2.23.1.jar:/Users/jeremybrown/.m2/repository/org/apache/logging/log4j/log4j-api/2.23.1/log4j-api-2.23.1.jar:/Users/jeremybrown/.m2/repository/org/slf4j/jul-to-slf4j/2.0.13/jul-to-slf4j-2.0.13.jar:/Users/jeremybrown/.m2/repository/jakarta/annotation/jakarta.annotation-api/2.1.1/jakarta.annotation-api-2.1.1.jar:/Users/jeremybrown/.m2/repository/org/yaml/snakeyaml/2.2/snakeyaml-2.2.jar:/Users/jeremybrown/.m2/repository/org/springframework/boot/spring-boot-starter-json/3.3.2/spring-boot-starter-json-3.3.2.jar:/Users/jeremybrown/.m2/repository/com/fasterxml/jackson/core/jackson-databind/2.17.2/jackson-databind-2.17.2.jar:/Users/jeremybrown/.m2/repository/com/fasterxml/jackson/core/jackson-annotations/2.17.2/jackson-annotations-2.17.2.jar:/Users/jeremybrown/.m2/repository/com/fasterxml/jackson/core/jackson-core/2.17.2/jackson-core-2.17.2.jar:/Users/jeremybrown/.m2/repository/com/fasterxml/jackson/datatype/jackson-datatype-jdk8/2.17.2/jackson-datatype-jdk8-2.17.2.jar:/Users/jeremybrown/.m2/repository/com/fasterxml/jackson/datatype/jackson-datatype-jsr310/2.17.2/jackson-datatype-jsr310-2.17.2.jar:/Users/jeremybrown/.m2/repository/com/fasterxml/jackson/module/jackson-module-parameter-names/2.17.2/jackson-module-parameter-names-2.17.2.jar:/Users/jeremybrown/.m2/repository/org/springframework/boot/spring-boot-starter-tomcat/3.3.2/spring-boot-starter-tomcat-3.3.2.jar:/Users/jeremybrown/.m2/repository/org/apache/tomcat/embed/tomcat-embed-core/10.1.26/tomcat-embed-core-10.1.26.jar:/Users/jeremybrown/.m2/repository/org/apache/tomcat/embed/tomcat-embed-el/10.1.26/tomcat-embed-el-10.1.26.jar:/Users/jeremybrown/.m2/repository/org/apache/tomcat/embed/tomcat-embed-websocket/10.1.26/tomcat-embed-websocket-10.1.26.jar:/Users/jeremybrown/.m2/repository/org/springframework/spring-web/6.1.11/spring-web-6.1.11.jar:/Users/jeremybrown/.m2/repository/io/micrometer/micrometer-observation/1.13.2/micrometer-observation-1.13.2.jar:/Users/jeremybrown/.m2/repository/io/micrometer/micrometer-commons/1.13.2/micrometer-commons-1.13.2.jar:/Users/jeremybrown/.m2/repository/org/springframework/spring-webmvc/6.1.11/spring-webmvc-6.1.11.jar:/Users/jeremybrown/.m2/repository/org/springframework/spring-aop/6.1.11/spring-aop-6.1.11.jar:/Users/jeremybrown/.m2/repository/org/springframework/spring-expression/6.1.11/spring-expression-6.1.11.jar:/Users/jeremybrown/.m2/repository/org/springframework/boot/spring-boot-starter-test/3.3.2/spring-boot-starter-test-3.3.2.jar:/Users/jeremybrown/.m2/repository/org/springframework/boot/spring-boot-test/3.3.2/spring-boot-test-3.3.2.jar:/Users/jeremybrown/.m2/repository/org/springframework/boot/spring-boot-test-autoconfigure/3.3.2/spring-boot-test-autoconfigure-3.3.2.jar:/Users/jeremybrown/.m2/repository/com/jayway/jsonpath/json-path/2.9.0/json-path-2.9.0.jar:/Users/jeremybrown/.m2/repository/jakarta/xml/bind/jakarta.xml.bind-api/4.0.2/jakarta.xml.bind-api-4.0.2.jar:/Users/jeremybrown/.m2/repository/jakarta/activation/jakarta.activation-api/2.1.3/jakarta.activation-api-2.1.3.jar:/Users/jeremybrown/.m2/repository/net/minidev/json-smart/2.5.1/json-smart-2.5.1.jar:/Users/jeremybrown/.m2/repository/net/minidev/accessors-smart/2.5.1/accessors-smart-2.5.1.jar:/Users/jeremybrown/.m2/repository/org/ow2/asm/asm/9.6/asm-9.6.jar:/Users/jeremybrown/.m2/repository/org/assertj/assertj-core/3.25.3/assertj-core-3.25.3.jar:/Users/jeremybrown/.m2/repository/net/bytebuddy/byte-buddy/1.14.18/byte-buddy-1.14.18.jar:/Users/jeremybrown/.m2/repository/org/awaitility/awaitility/4.2.1/awaitility-4.2.1.jar:/Users/jeremybrown/.m2/repository/org/hamcrest/hamcrest/2.2/hamcrest-2.2.jar:/Users/jeremybrown/.m2/repository/org/junit/jupiter/junit-jupiter/5.10.3/junit-jupiter-5.10.3.jar:/Users/jeremybrown/.m2/repository/org/junit/jupiter/junit-jupiter-api/5.10.3/junit-jupiter-api-5.10.3.jar:/Users/jeremybrown/.m2/repository/org/opentest4j/opentest4j/1.3.0/opentest4j-1.3.0.jar:/Users/jeremybrown/.m2/repository/org/junit/platform/junit-platform-commons/1.10.3/junit-platform-commons-1.10.3.jar:/Users/jeremybrown/.m2/repository/org/apiguardian/apiguardian-api/1.1.2/apiguardian-api-1.1.2.jar:/Users/jeremybrown/.m2/repository/org/junit/jupiter/junit-jupiter-params/5.10.3/junit-jupiter-params-5.10.3.jar:/Users/jeremybrown/.m2/repository/org/junit/jupiter/junit-jupiter-engine/5.10.3/junit-jupiter-engine-5.10.3.jar:/Users/jeremybrown/.m2/repository/org/junit/platform/junit-platform-engine/1.10.3/junit-platform-engine-1.10.3.jar:/Users/jeremybrown/.m2/repository/org/mockito/mockito-core/5.11.0/mockito-core-5.11.0.jar:/Users/jeremybrown/.m2/repository/net/bytebuddy/byte-buddy-agent/1.14.18/byte-buddy-agent-1.14.18.jar:/Users/jeremybrown/.m2/repository/org/objenesis/objenesis/3.3/objenesis-3.3.jar:/Users/jeremybrown/.m2/repository/org/mockito/mockito-junit-jupiter/5.11.0/mockito-junit-jupiter-5.11.0.jar:/Users/jeremybrown/.m2/repository/org/skyscreamer/jsonassert/1.5.3/jsonassert-1.5.3.jar:/Users/jeremybrown/.m2/repository/com/vaadin/external/google/android-json/0.0.20131108.vaadin1/android-json-0.0.20131108.vaadin1.jar:/Users/jeremybrown/.m2/repository/org/springframework/spring-core/6.1.11/spring-core-6.1.11.jar:/Users/jeremybrown/.m2/repository/org/springframework/spring-jcl/6.1.11/spring-jcl-6.1.11.jar:/Users/jeremybrown/.m2/repository/org/springframework/spring-test/6.1.11/spring-test-6.1.11.jar:/Users/jeremybrown/.m2/repository/org/xmlunit/xmlunit-core/2.9.1/xmlunit-core-2.9.1.jar:/Users/jeremybrown/.m2/repository/org/springframework/data/spring-data-commons/2.7.18/spring-data-commons-2.7.18.jar:/Users/jeremybrown/.m2/repository/org/springframework/spring-beans/6.1.11/spring-beans-6.1.11.jar:/Users/jeremybrown/.m2/repository/org/slf4j/slf4j-api/2.0.13/slf4j-api-2.0.13.jar:/Users/jeremybrown/.m2/repository/com/amazonaws/aws-java-sdk-dynamodb/1.12.767/aws-java-sdk-dynamodb-1.12.767.jar:/Users/jeremybrown/.m2/repository/com/amazonaws/aws-java-sdk-s3/1.12.767/aws-java-sdk-s3-1.12.767.jar:/Users/jeremybrown/.m2/repository/com/amazonaws/aws-java-sdk-kms/1.12.767/aws-java-sdk-kms-1.12.767.jar:/Users/jeremybrown/.m2/repository/com/amazonaws/aws-java-sdk-core/1.12.767/aws-java-sdk-core-1.12.767.jar:/Users/jeremybrown/.m2/repository/commons-logging/commons-logging/1.1.3/commons-logging-1.1.3.jar:/Users/jeremybrown/.m2/repository/commons-codec/commons-codec/1.16.1/commons-codec-1.16.1.jar:/Users/jeremybrown/.m2/repository/org/apache/httpcomponents/httpclient/4.5.13/httpclient-4.5.13.jar:/Users/jeremybrown/.m2/repository/org/apache/httpcomponents/httpcore/4.4.16/httpcore-4.4.16.jar:/Users/jeremybrown/.m2/repository/com/fasterxml/jackson/dataformat/jackson-dataformat-cbor/2.17.2/jackson-dataformat-cbor-2.17.2.jar:/Users/jeremybrown/.m2/repository/joda-time/joda-time/2.12.7/joda-time-2.12.7.jar:/Users/jeremybrown/.m2/repository/com/amazonaws/jmespath-java/1.12.767/jmespath-java-1.12.767.jar:/Users/jeremybrown/.m2/repository/com/github/derjust/spring-data-dynamodb/5.1.0/spring-data-dynamodb-5.1.0.jar:/Users/jeremybrown/.m2/repository/org/springframework/spring-context/6.1.11/spring-context-6.1.11.jar:/Users/jeremybrown/.m2/repository/org/springframework/spring-tx/6.1.11/spring-tx-6.1.11.jar:/Users/jeremybrown/.m2/repository/org/hibernate/validator/hibernate-validator/8.0.1.Final/hibernate-validator-8.0.1.Final.jar:/Users/jeremybrown/.m2/repository/jakarta/validation/jakarta.validation-api/3.0.2/jakarta.validation-api-3.0.2.jar:/Users/jeremybrown/.m2/repository/org/jboss/logging/jboss-logging/3.5.3.Final/jboss-logging-3.5.3.Final.jar:/Users/jeremybrown/.m2/repository/com/fasterxml/classmate/1.7.0/classmate-1.7.0.jar:/Users/jeremybrown/.m2/repository/javax/enterprise/cdi-api/1.2/cdi-api-1.2.jar:/Users/jeremybrown/.m2/repository/javax/el/javax.el-api/3.0.0/javax.el-api-3.0.0.jar:/Users/jeremybrown/.m2/repository/javax/interceptor/javax.interceptor-api/1.2/javax.interceptor-api-1.2.jar:/Users/jeremybrown/.m2/repository/javax/inject/javax.inject/1/javax.inject-1.jar:/Users/jeremybrown/.m2/repository/software/amazon/awssdk/dynamodb-enhanced/2.26.30/dynamodb-enhanced-2.26.30.jar:/Users/jeremybrown/.m2/repository/software/amazon/awssdk/aws-core/2.26.30/aws-core-2.26.30.jar:/Users/jeremybrown/.m2/repository/software/amazon/awssdk/http-auth-spi/2.26.30/http-auth-spi-2.26.30.jar:/Users/jeremybrown/.m2/repository/software/amazon/awssdk/identity-spi/2.26.30/identity-spi-2.26.30.jar:/Users/jeremybrown/.m2/repository/software/amazon/awssdk/http-auth/2.26.30/http-auth-2.26.30.jar:/Users/jeremybrown/.m2/repository/software/amazon/awssdk/profiles/2.26.30/profiles-2.26.30.jar:/Users/jeremybrown/.m2/repository/software/amazon/awssdk/metrics-spi/2.26.30/metrics-spi-2.26.30.jar:/Users/jeremybrown/.m2/repository/software/amazon/awssdk/endpoints-spi/2.26.30/endpoints-spi-2.26.30.jar:/Users/jeremybrown/.m2/repository/software/amazon/awssdk/retries-spi/2.26.30/retries-spi-2.26.30.jar:/Users/jeremybrown/.m2/repository/software/amazon/awssdk/retries/2.26.30/retries-2.26.30.jar:/Users/jeremybrown/.m2/repository/software/amazon/eventstream/eventstream/1.0.1/eventstream-1.0.1.jar:/Users/jeremybrown/.m2/repository/software/amazon/awssdk/json-utils/2.26.30/json-utils-2.26.30.jar:/Users/jeremybrown/.m2/repository/software/amazon/awssdk/third-party-jackson-core/2.26.30/third-party-jackson-core-2.26.30.jar:/Users/jeremybrown/.m2/repository/software/amazon/awssdk/http-client-spi/2.26.30/http-client-spi-2.26.30.jar:/Users/jeremybrown/.m2/repository/org/reactivestreams/reactive-streams/1.0.4/reactive-streams-1.0.4.jar:/Users/jeremybrown/.m2/repository/software/amazon/awssdk/sdk-core/2.26.30/sdk-core-2.26.30.jar:/Users/jeremybrown/.m2/repository/software/amazon/awssdk/http-auth-aws/2.26.30/http-auth-aws-2.26.30.jar:/Users/jeremybrown/.m2/repository/software/amazon/awssdk/checksums-spi/2.26.30/checksums-spi-2.26.30.jar:/Users/jeremybrown/.m2/repository/software/amazon/awssdk/checksums/2.26.30/checksums-2.26.30.jar:/Users/jeremybrown/.m2/repository/software/amazon/awssdk/auth/2.26.30/auth-2.26.30.jar:/Users/jeremybrown/.m2/repository/software/amazon/awssdk/http-auth-aws-eventstream/2.26.30/http-auth-aws-eventstream-2.26.30.jar:/Users/jeremybrown/.m2/repository/software/amazon/awssdk/regions/2.26.30/regions-2.26.30.jar:/Users/jeremybrown/.m2/repository/software/amazon/awssdk/dynamodb/2.26.30/dynamodb-2.26.30.jar:/Users/jeremybrown/.m2/repository/software/amazon/awssdk/aws-json-protocol/2.26.30/aws-json-protocol-2.26.30.jar:/Users/jeremybrown/.m2/repository/software/amazon/awssdk/protocol-core/2.26.30/protocol-core-2.26.30.jar:/Users/jeremybrown/.m2/repository/software/amazon/awssdk/apache-client/2.26.30/apache-client-2.26.30.jar:/Users/jeremybrown/.m2/repository/software/amazon/awssdk/netty-nio-client/2.26.30/netty-nio-client-2.26.30.jar:/Users/jeremybrown/.m2/repository/io/netty/netty-codec-http/4.1.111.Final/netty-codec-http-4.1.111.Final.jar:/Users/jeremybrown/.m2/repository/io/netty/netty-codec-http2/4.1.111.Final/netty-codec-http2-4.1.111.Final.jar:/Users/jeremybrown/.m2/repository/io/netty/netty-codec/4.1.111.Final/netty-codec-4.1.111.Final.jar:/Users/jeremybrown/.m2/repository/io/netty/netty-transport/4.1.111.Final/netty-transport-4.1.111.Final.jar:/Users/jeremybrown/.m2/repository/io/netty/netty-common/4.1.111.Final/netty-common-4.1.111.Final.jar:/Users/jeremybrown/.m2/repository/io/netty/netty-buffer/4.1.111.Final/netty-buffer-4.1.111.Final.jar:/Users/jeremybrown/.m2/repository/io/netty/netty-handler/4.1.111.Final/netty-handler-4.1.111.Final.jar:/Users/jeremybrown/.m2/repository/io/netty/netty-transport-native-unix-common/4.1.111.Final/netty-transport-native-unix-common-4.1.111.Final.jar:/Users/jeremybrown/.m2/repository/io/netty/netty-transport-classes-epoll/4.1.111.Final/netty-transport-classes-epoll-4.1.111.Final.jar:/Users/jeremybrown/.m2/repository/io/netty/netty-resolver/4.1.111.Final/netty-resolver-4.1.111.Final.jar:/Users/jeremybrown/.m2/repository/software/amazon/awssdk/annotations/2.26.30/annotations-2.26.30.jar:/Users/jeremybrown/.m2/repository/software/amazon/awssdk/utils/2.26.30/utils-2.26.30.jar:"/>
    <property name="java.vm.vendor" value="Homebrew"/>
    <property name="sun.arch.data.model" value="64"/>
    <property name="java.vendor.url" value="https://github.com/Homebrew/homebrew-core/issues"/>
    <property name="user.timezone" value="America/Indiana/Indianapolis"/>
    <property name="org.jboss.logging.provider" value="slf4j"/>
    <property name="os.name" value="Mac OS X"/>
    <property name="java.vm.specification.version" value="22"/>
    <property name="sun.java.launcher" value="SUN_STANDARD"/>
    <property name="user.country" value="US"/>
    <property name="sun.boot.library.path" value="/usr/local/Cellar/openjdk/22.0.2/libexec/openjdk.jdk/Contents/Home/lib"/>
    <property name="sun.java.command" value="/Users/jeremybrown/Documents/demos/periodic-table-api/target/surefire/surefirebooter-20240907234525927_3.jar /Users/jeremybrown/Documents/demos/periodic-table-api/target/surefire 2024-09-07T23-45-25_386-jvmRun1 surefire-20240907234525927_1tmp surefire_0-20240907234525927_2tmp"/>
    <property name="http.nonProxyHosts" value="local|*.local|169.254/16|*.169.254/16"/>
    <property name="jdk.debug" value="release"/>
    <property name="surefire.test.class.path" value="/Users/jeremybrown/Documents/demos/periodic-table-api/target/test-classes:/Users/jeremybrown/Documents/demos/periodic-table-api/target/classes:/Users/jeremybrown/.m2/repository/org/springframework/boot/spring-boot-starter-web/3.3.2/spring-boot-starter-web-3.3.2.jar:/Users/jeremybrown/.m2/repository/org/springframework/boot/spring-boot-starter/3.3.2/spring-boot-starter-3.3.2.jar:/Users/jeremybrown/.m2/repository/org/springframework/boot/spring-boot/3.3.2/spring-boot-3.3.2.jar:/Users/jeremybrown/.m2/repository/org/springframework/boot/spring-boot-autoconfigure/3.3.2/spring-boot-autoconfigure-3.3.2.jar:/Users/jeremybrown/.m2/repository/org/springframework/boot/spring-boot-starter-logging/3.3.2/spring-boot-starter-logging-3.3.2.jar:/Users/jeremybrown/.m2/repository/ch/qos/logback/logback-classic/1.5.6/logback-classic-1.5.6.jar:/Users/jeremybrown/.m2/repository/ch/qos/logback/logback-core/1.5.6/logback-core-1.5.6.jar:/Users/jeremybrown/.m2/repository/org/apache/logging/log4j/log4j-to-slf4j/2.23.1/log4j-to-slf4j-2.23.1.jar:/Users/jeremybrown/.m2/repository/org/apache/logging/log4j/log4j-api/2.23.1/log4j-api-2.23.1.jar:/Users/jeremybrown/.m2/repository/org/slf4j/jul-to-slf4j/2.0.13/jul-to-slf4j-2.0.13.jar:/Users/jeremybrown/.m2/repository/jakarta/annotation/jakarta.annotation-api/2.1.1/jakarta.annotation-api-2.1.1.jar:/Users/jeremybrown/.m2/repository/org/yaml/snakeyaml/2.2/snakeyaml-2.2.jar:/Users/jeremybrown/.m2/repository/org/springframework/boot/spring-boot-starter-json/3.3.2/spring-boot-starter-json-3.3.2.jar:/Users/jeremybrown/.m2/repository/com/fasterxml/jackson/core/jackson-databind/2.17.2/jackson-databind-2.17.2.jar:/Users/jeremybrown/.m2/repository/com/fasterxml/jackson/core/jackson-annotations/2.17.2/jackson-annotations-2.17.2.jar:/Users/jeremybrown/.m2/repository/com/fasterxml/jackson/core/jackson-core/2.17.2/jackson-core-2.17.2.jar:/Users/jeremybrown/.m2/repository/com/fasterxml/jackson/datatype/jackson-datatype-jdk8/2.17.2/jackson-datatype-jdk8-2.17.2.jar:/Users/jeremybrown/.m2/repository/com/fasterxml/jackson/datatype/jackson-datatype-jsr310/2.17.2/jackson-datatype-jsr310-2.17.2.jar:/Users/jeremybrown/.m2/repository/com/fasterxml/jackson/module/jackson-module-parameter-names/2.17.2/jackson-module-parameter-names-2.17.2.jar:/Users/jeremybrown/.m2/repository/org/springframework/boot/spring-boot-starter-tomcat/3.3.2/spring-boot-starter-tomcat-3.3.2.jar:/Users/jeremybrown/.m2/repository/org/apache/tomcat/embed/tomcat-embed-core/10.1.26/tomcat-embed-core-10.1.26.jar:/Users/jeremybrown/.m2/repository/org/apache/tomcat/embed/tomcat-embed-el/10.1.26/tomcat-embed-el-10.1.26.jar:/Users/jeremybrown/.m2/repository/org/apache/tomcat/embed/tomcat-embed-websocket/10.1.26/tomcat-embed-websocket-10.1.26.jar:/Users/jeremybrown/.m2/repository/org/springframework/spring-web/6.1.11/spring-web-6.1.11.jar:/Users/jeremybrown/.m2/repository/io/micrometer/micrometer-observation/1.13.2/micrometer-observation-1.13.2.jar:/Users/jeremybrown/.m2/repository/io/micrometer/micrometer-commons/1.13.2/micrometer-commons-1.13.2.jar:/Users/jeremybrown/.m2/repository/org/springframework/spring-webmvc/6.1.11/spring-webmvc-6.1.11.jar:/Users/jeremybrown/.m2/repository/org/springframework/spring-aop/6.1.11/spring-aop-6.1.11.jar:/Users/jeremybrown/.m2/repository/org/springframework/spring-expression/6.1.11/spring-expression-6.1.11.jar:/Users/jeremybrown/.m2/repository/org/springframework/boot/spring-boot-starter-test/3.3.2/spring-boot-starter-test-3.3.2.jar:/Users/jeremybrown/.m2/repository/org/springframework/boot/spring-boot-test/3.3.2/spring-boot-test-3.3.2.jar:/Users/jeremybrown/.m2/repository/org/springframework/boot/spring-boot-test-autoconfigure/3.3.2/spring-boot-test-autoconfigure-3.3.2.jar:/Users/jeremybrown/.m2/repository/com/jayway/jsonpath/json-path/2.9.0/json-path-2.9.0.jar:/Users/jeremybrown/.m2/repository/jakarta/xml/bind/jakarta.xml.bind-api/4.0.2/jakarta.xml.bind-api-4.0.2.jar:/Users/jeremybrown/.m2/repository/jakarta/activation/jakarta.activation-api/2.1.3/jakarta.activation-api-2.1.3.jar:/Users/jeremybrown/.m2/repository/net/minidev/json-smart/2.5.1/json-smart-2.5.1.jar:/Users/jeremybrown/.m2/repository/net/minidev/accessors-smart/2.5.1/accessors-smart-2.5.1.jar:/Users/jeremybrown/.m2/repository/org/ow2/asm/asm/9.6/asm-9.6.jar:/Users/jeremybrown/.m2/repository/org/assertj/assertj-core/3.25.3/assertj-core-3.25.3.jar:/Users/jeremybrown/.m2/repository/net/bytebuddy/byte-buddy/1.14.18/byte-buddy-1.14.18.jar:/Users/jeremybrown/.m2/repository/org/awaitility/awaitility/4.2.1/awaitility-4.2.1.jar:/Users/jeremybrown/.m2/repository/org/hamcrest/hamcrest/2.2/hamcrest-2.2.jar:/Users/jeremybrown/.m2/repository/org/junit/jupiter/junit-jupiter/5.10.3/junit-jupiter-5.10.3.jar:/Users/jeremybrown/.m2/repository/org/junit/jupiter/junit-jupiter-api/5.10.3/junit-jupiter-api-5.10.3.jar:/Users/jeremybrown/.m2/repository/org/opentest4j/opentest4j/1.3.0/opentest4j-1.3.0.jar:/Users/jeremybrown/.m2/repository/org/junit/platform/junit-platform-commons/1.10.3/junit-platform-commons-1.10.3.jar:/Users/jeremybrown/.m2/repository/org/apiguardian/apiguardian-api/1.1.2/apiguardian-api-1.1.2.jar:/Users/jeremybrown/.m2/repository/org/junit/jupiter/junit-jupiter-params/5.10.3/junit-jupiter-params-5.10.3.jar:/Users/jeremybrown/.m2/repository/org/junit/jupiter/junit-jupiter-engine/5.10.3/junit-jupiter-engine-5.10.3.jar:/Users/jeremybrown/.m2/repository/org/junit/platform/junit-platform-engine/1.10.3/junit-platform-engine-1.10.3.jar:/Users/jeremybrown/.m2/repository/org/mockito/mockito-core/5.11.0/mockito-core-5.11.0.jar:/Users/jeremybrown/.m2/repository/net/bytebuddy/byte-buddy-agent/1.14.18/byte-buddy-agent-1.14.18.jar:/Users/jeremybrown/.m2/repository/org/objenesis/objenesis/3.3/objenesis-3.3.jar:/Users/jeremybrown/.m2/repository/org/mockito/mockito-junit-jupiter/5.11.0/mockito-junit-jupiter-5.11.0.jar:/Users/jeremybrown/.m2/repository/org/skyscreamer/jsonassert/1.5.3/jsonassert-1.5.3.jar:/Users/jeremybrown/.m2/repository/com/vaadin/external/google/android-json/0.0.20131108.vaadin1/android-json-0.0.20131108.vaadin1.jar:/Users/jeremybrown/.m2/repository/org/springframework/spring-core/6.1.11/spring-core-6.1.11.jar:/Users/jeremybrown/.m2/repository/org/springframework/spring-jcl/6.1.11/spring-jcl-6.1.11.jar:/Users/jeremybrown/.m2/repository/org/springframework/spring-test/6.1.11/spring-test-6.1.11.jar:/Users/jeremybrown/.m2/repository/org/xmlunit/xmlunit-core/2.9.1/xmlunit-core-2.9.1.jar:/Users/jeremybrown/.m2/repository/org/springframework/data/spring-data-commons/2.7.18/spring-data-commons-2.7.18.jar:/Users/jeremybrown/.m2/repository/org/springframework/spring-beans/6.1.11/spring-beans-6.1.11.jar:/Users/jeremybrown/.m2/repository/org/slf4j/slf4j-api/2.0.13/slf4j-api-2.0.13.jar:/Users/jeremybrown/.m2/repository/com/amazonaws/aws-java-sdk-dynamodb/1.12.767/aws-java-sdk-dynamodb-1.12.767.jar:/Users/jeremybrown/.m2/repository/com/amazonaws/aws-java-sdk-s3/1.12.767/aws-java-sdk-s3-1.12.767.jar:/Users/jeremybrown/.m2/repository/com/amazonaws/aws-java-sdk-kms/1.12.767/aws-java-sdk-kms-1.12.767.jar:/Users/jeremybrown/.m2/repository/com/amazonaws/aws-java-sdk-core/1.12.767/aws-java-sdk-core-1.12.767.jar:/Users/jeremybrown/.m2/repository/commons-logging/commons-logging/1.1.3/commons-logging-1.1.3.jar:/Users/jeremybrown/.m2/repository/commons-codec/commons-codec/1.16.1/commons-codec-1.16.1.jar:/Users/jeremybrown/.m2/repository/org/apache/httpcomponents/httpclient/4.5.13/httpclient-4.5.13.jar:/Users/jeremybrown/.m2/repository/org/apache/httpcomponents/httpcore/4.4.16/httpcore-4.4.16.jar:/Users/jeremybrown/.m2/repository/com/fasterxml/jackson/dataformat/jackson-dataformat-cbor/2.17.2/jackson-dataformat-cbor-2.17.2.jar:/Users/jeremybrown/.m2/repository/joda-time/joda-time/2.12.7/joda-time-2.12.7.jar:/Users/jeremybrown/.m2/repository/com/amazonaws/jmespath-java/1.12.767/jmespath-java-1.12.767.jar:/Users/jeremybrown/.m2/repository/com/github/derjust/spring-data-dynamodb/5.1.0/spring-data-dynamodb-5.1.0.jar:/Users/jeremybrown/.m2/repository/org/springframework/spring-context/6.1.11/spring-context-6.1.11.jar:/Users/jeremybrown/.m2/repository/org/springframework/spring-tx/6.1.11/spring-tx-6.1.11.jar:/Users/jeremybrown/.m2/repository/org/hibernate/validator/hibernate-validator/8.0.1.Final/hibernate-validator-8.0.1.Final.jar:/Users/jeremybrown/.m2/repository/jakarta/validation/jakarta.validation-api/3.0.2/jakarta.validation-api-3.0.2.jar:/Users/jeremybrown/.m2/repository/org/jboss/logging/jboss-logging/3.5.3.Final/jboss-logging-3.5.3.Final.jar:/Users/jeremybrown/.m2/repository/com/fasterxml/classmate/1.7.0/classmate-1.7.0.jar:/Users/jeremybrown/.m2/repository/javax/enterprise/cdi-api/1.2/cdi-api-1.2.jar:/Users/jeremybrown/.m2/repository/javax/el/javax.el-api/3.0.0/javax.el-api-3.0.0.jar:/Users/jeremybrown/.m2/repository/javax/interceptor/javax.interceptor-api/1.2/javax.interceptor-api-1.2.jar:/Users/jeremybrown/.m2/repository/javax/inject/javax.inject/1/javax.inject-1.jar:/Users/jeremybrown/.m2/repository/software/amazon/awssdk/dynamodb-enhanced/2.26.30/dynamodb-enhanced-2.26.30.jar:/Users/jeremybrown/.m2/repository/software/amazon/awssdk/aws-core/2.26.30/aws-core-2.26.30.jar:/Users/jeremybrown/.m2/repository/software/amazon/awssdk/http-auth-spi/2.26.30/http-auth-spi-2.26.30.jar:/Users/jeremybrown/.m2/repository/software/amazon/awssdk/identity-spi/2.26.30/identity-spi-2.26.30.jar:/Users/jeremybrown/.m2/repository/software/amazon/awssdk/http-auth/2.26.30/http-auth-2.26.30.jar:/Users/jeremybrown/.m2/repository/software/amazon/awssdk/profiles/2.26.30/profiles-2.26.30.jar:/Users/jeremybrown/.m2/repository/software/amazon/awssdk/metrics-spi/2.26.30/metrics-spi-2.26.30.jar:/Users/jeremybrown/.m2/repository/software/amazon/awssdk/endpoints-spi/2.26.30/endpoints-spi-2.26.30.jar:/Users/jeremybrown/.m2/repository/software/amazon/awssdk/retries-spi/2.26.30/retries-spi-2.26.30.jar:/Users/jeremybrown/.m2/repository/software/amazon/awssdk/retries/2.26.30/retries-2.26.30.jar:/Users/jeremybrown/.m2/repository/software/amazon/eventstream/eventstream/1.0.1/eventstream-1.0.1.jar:/Users/jeremybrown/.m2/repository/software/amazon/awssdk/json-utils/2.26.30/json-utils-2.26.30.jar:/Users/jeremybrown/.m2/repository/software/amazon/awssdk/third-party-jackson-core/2.26.30/third-party-jackson-core-2.26.30.jar:/Users/jeremybrown/.m2/repository/software/amazon/awssdk/http-client-spi/2.26.30/http-client-spi-2.26.30.jar:/Users/jeremybrown/.m2/repository/org/reactivestreams/reactive-streams/1.0.4/reactive-streams-1.0.4.jar:/Users/jeremybrown/.m2/repository/software/amazon/awssdk/sdk-core/2.26.30/sdk-core-2.26.30.jar:/Users/jeremybrown/.m2/repository/software/amazon/awssdk/http-auth-aws/2.26.30/http-auth-aws-2.26.30.jar:/Users/jeremybrown/.m2/repository/software/amazon/awssdk/checksums-spi/2.26.30/checksums-spi-2.26.30.jar:/Users/jeremybrown/.m2/repository/software/amazon/awssdk/checksums/2.26.30/checksums-2.26.30.jar:/Users/jeremybrown/.m2/repository/software/amazon/awssdk/auth/2.26.30/auth-2.26.30.jar:/Users/jeremybrown/.m2/repository/software/amazon/awssdk/http-auth-aws-eventstream/2.26.30/http-auth-aws-eventstream-2.26.30.jar:/Users/jeremybrown/.m2/repository/software/amazon/awssdk/regions/2.26.30/regions-2.26.30.jar:/Users/jeremybrown/.m2/repository/software/amazon/awssdk/dynamodb/2.26.30/dynamodb-2.26.30.jar:/Users/jeremybrown/.m2/repository/software/amazon/awssdk/aws-json-protocol/2.26.30/aws-json-protocol-2.26.30.jar:/Users/jeremybrown/.m2/repository/software/amazon/awssdk/protocol-core/2.26.30/protocol-core-2.26.30.jar:/Users/jeremybrown/.m2/repository/software/amazon/awssdk/apache-client/2.26.30/apache-client-2.26.30.jar:/Users/jeremybrown/.m2/repository/software/amazon/awssdk/netty-nio-client/2.26.30/netty-nio-client-2.26.30.jar:/Users/jeremybrown/.m2/repository/io/netty/netty-codec-http/4.1.111.Final/netty-codec-http-4.1.111.Final.jar:/Users/jeremybrown/.m2/repository/io/netty/netty-codec-http2/4.1.111.Final/netty-codec-http2-4.1.111.Final.jar:/Users/jeremybrown/.m2/repository/io/netty/netty-codec/4.1.111.Final/netty-codec-4.1.111.Final.jar:/Users/jeremybrown/.m2/repository/io/netty/netty-transport/4.1.111.Final/netty-transport-4.1.111.Final.jar:/Users/jeremybrown/.m2/repository/io/netty/netty-common/4.1.111.Final/netty-common-4.1.111.Final.jar:/Users/jeremybrown/.m2/repository/io/netty/netty-buffer/4.1.111.Final/netty-buffer-4.1.111.Final.jar:/Users/jeremybrown/.m2/repository/io/netty/netty-handler/4.1.111.Final/netty-handler-4.1.111.Final.jar:/Users/jeremybrown/.m2/repository/io/netty/netty-transport-native-unix-common/4.1.111.Final/netty-transport-native-unix-common-4.1.111.Final.jar:/Users/jeremybrown/.m2/repository/io/netty/netty-transport-classes-epoll/4.1.111.Final/netty-transport-classes-epoll-4.1.111.Final.jar:/Users/jeremybrown/.m2/repository/io/netty/netty-resolver/4.1.111.Final/netty-resolver-4.1.111.Final.jar:/Users/jeremybrown/.m2/repository/software/amazon/awssdk/annotations/2.26.30/annotations-2.26.30.jar:/Users/jeremybrown/.m2/repository/software/amazon/awssdk/utils/2.26.30/utils-2.26.30.jar:"/>
    <property name="sun.cpu.endian" value="little"/>
    <property name="user.home" value="/Users/jeremybrown"/>
    <property name="user.language" value="en"/>
    <property name="java.specification.vendor" value="Oracle Corporation"/>
    <property name="java.version.date" value="2024-07-16"/>
    <property name="java.home" value="/usr/local/Cellar/openjdk/22.0.2/libexec/openjdk.jdk/Contents/Home"/>
    <property name="file.separator" value="/"/>
    <property name="basedir" value="/Users/jeremybrown/Documents/demos/periodic-table-api"/>
    <property name="java.vm.compressedOopsMode" value="Zero based"/>
    <property name="line.separator" value="&#10;"/>
    <property name="java.vm.specification.vendor" value="Oracle Corporation"/>
    <property name="java.specification.name" value="Java Platform API Specification"/>
    <property name="FILE_LOG_CHARSET" value="UTF-8"/>
    <property name="java.awt.headless" value="true"/>
    <property name="apple.awt.application.name" value="ForkedBooter"/>
    <property name="surefire.real.class.path" value="/Users/jeremybrown/Documents/demos/periodic-table-api/target/surefire/surefirebooter-20240907234525927_3.jar"/>
    <property name="sun.management.compiler" value="HotSpot 64-Bit Tiered Compilers"/>
    <property name="ftp.nonProxyHosts" value="local|*.local|169.254/16|*.169.254/16"/>
    <property name="java.runtime.version" value="22.0.2"/>
    <property name="user.name" value="jeremybrown"/>
    <property name="stdout.encoding" value="UTF-8"/>
    <property name="path.separator" value=":"/>
    <property name="os.version" value="14.6.1"/>
    <property name="java.runtime.name" value="OpenJDK Runtime Environment"/>
    <property name="file.encoding" value="UTF-8"/>
    <property name="java.vm.name" value="OpenJDK 64-Bit Server VM"/>
    <property name="java.vendor.version" value="Homebrew"/>
    <property name="localRepository" value="/Users/jeremybrown/.m2/repository"/>
    <property name="java.vendor.url.bug" value="https://github.com/Homebrew/homebrew-core/issues"/>
    <property name="java.io.tmpdir" value="/var/folders/6j/wtbynmh12vx1tnhyynvg053r0000gr/T/"/>
    <property name="java.version" value="22.0.2"/>
    <property name="user.dir" value="/Users/jeremybrown/Documents/demos/periodic-table-api"/>
    <property name="os.arch" value="x86_64"/>
    <property name="java.vm.specification.name" value="Java Virtual Machine Specification"/>
    <property name="PID" value="40187"/>
    <property name="CONSOLE_LOG_CHARSET" value="UTF-8"/>
    <property name="native.encoding" value="UTF-8"/>
    <property name="java.library.path" value="/Users/jeremybrown/Library/Java/Extensions:/Library/Java/Extensions:/Network/Library/Java/Extensions:/System/Library/Java/Extensions:/usr/lib/java:."/>
    <property name="java.vm.info" value="mixed mode, sharing"/>
    <property name="stderr.encoding" value="UTF-8"/>
    <property name="java.vendor" value="Homebrew"/>
    <property name="java.vm.version" value="22.0.2"/>
    <property name="sun.io.unicode.encoding" value="UnicodeBig"/>
    <property name="socksNonProxyHosts" value="local|*.local|169.254/16|*.169.254/16"/>
    <property name="java.class.version" value="66.0"/>
    <property name="LOGGED_APPLICATION_NAME" value="[elements] "/>
  </properties>
  <testcase name="contextLoads" classname="com.periodictable.elements.ElementsApplicationTests" time="0.799">
    <system-out><![CDATA[23:45:26.598 [main] INFO org.springframework.test.context.support.AnnotationConfigContextLoaderUtils -- Could not detect default configuration classes for test class [com.periodictable.elements.ElementsApplicationTests]: ElementsApplicationTests does not declare any static, non-private, non-final, nested classes annotated with @Configuration.
23:45:26.703 [main] INFO org.springframework.boot.test.context.SpringBootTestContextBootstrapper -- Found @SpringBootConfiguration com.periodictable.elements.ElementsApplication for test class com.periodictable.elements.ElementsApplicationTests

  .   ____          _            __ _ _
 /\\ / ___'_ __ _ _(_)_ __  __ _ \ \ \ \
( ( )\___ | '_ | '_| | '_ \/ _` | \ \ \ \
 \\/  ___)| |_)| | | | | || (_| |  ) ) ) )
  '  |____| .__|_| |_|_| |_\__, | / / / /
 =========|_|==============|___/=/_/_/_/

 :: Spring Boot ::                (v3.3.2)

2024-09-07T23:45:27.102-04:00  INFO 40187 --- [elements] [           main] c.p.elements.ElementsApplicationTests    : Starting ElementsApplicationTests using Java 22.0.2 with PID 40187 (started by jeremybrown in /Users/jeremybrown/Documents/demos/periodic-table-api)
2024-09-07T23:45:27.103-04:00  INFO 40187 --- [elements] [           main] c.p.elements.ElementsApplicationTests    : No active profile set, falling back to 1 default profile: "default"
2024-09-07T23:45:28.845-04:00  INFO 40187 --- [elements] [           main] c.p.elements.ElementsApplicationTests    : Started ElementsApplicationTests in 2.001 seconds (process running for 2.841)
]]></system-out>
    <system-err><![CDATA[WARNING: A Java agent has been loaded dynamically (/Users/jeremybrown/.m2/repository/net/bytebuddy/byte-buddy-agent/1.14.18/byte-buddy-agent-1.14.18.jar)
WARNING: If a serviceability tool is in use, please run with -XX:+EnableDynamicAgentLoading to hide this warning
WARNING: If a serviceability tool is not in use, please run with -Djdk.instrument.traceUsage for more information
WARNING: Dynamic loading of agents will be disallowed by default in a future release
]]></system-err>
  </testcase>
</testsuite>